<?xml version='1.0' encoding='UTF-8' ?>
<testsuite name="com.google.jetstream.benchmark.BaselineProfileGenerator" tests="1" failures="0" errors="0" skipped="0" time="334.866" timestamp="2025-08-27T02:30:00" hostname="localhost">
  <properties>
    <property name="device" value="tvApi34" />
    <property name="flavor" value="" />
    <property name="project" value=":benchmark" />
  </properties>
  <testcase name="startup" classname="com.google.jetstream.benchmark.BaselineProfileGenerator" time="-1.756261465768E9" />
</testsuite>